<?xml version="1.0" encoding="UTF-8"?>
<testsuite xmlns:xsi="http://www.w3.org/2001/XMLSchema-instance" xsi:noNamespaceSchemaLocation="https://maven.apache.org/surefire/maven-surefire-plugin/xsd/surefire-test-report.xsd" name="com.hdfcbank.AppTest" time="0.1" tests="1" errors="0" skipped="0" failures="0">
  <properties>
    <property name="java.specification.version" value="21"/>
    <property name="sun.cpu.isalist" value="amd64"/>
    <property name="sun.jnu.encoding" value="Cp1252"/>
    <property name="java.class.path" value="C:\Users\lohip\webapphdfcbank\target\test-classes;C:\Users\lohip\webapphdfcbank\target\classes;C:\Users\lohip\.m2\repository\junit\junit\4.11\junit-4.11.jar;C:\Users\lohip\.m2\repository\org\hamcrest\hamcrest-core\1.3\hamcrest-core-1.3.jar;C:\Users\lohip\.m2\repository\org\testcontainers\mysql\1.19.4\mysql-1.19.4.jar;C:\Users\lohip\.m2\repository\org\testcontainers\jdbc\1.19.4\jdbc-1.19.4.jar;C:\Users\lohip\.m2\repository\org\testcontainers\database-commons\1.19.4\database-commons-1.19.4.jar;C:\Users\lohip\.m2\repository\org\testcontainers\testcontainers\1.19.4\testcontainers-1.19.4.jar;C:\Users\lohip\.m2\repository\org\slf4j\slf4j-api\1.7.36\slf4j-api-1.7.36.jar;C:\Users\lohip\.m2\repository\org\apache\commons\commons-compress\1.25.0\commons-compress-1.25.0.jar;C:\Users\lohip\.m2\repository\org\rnorth\duct-tape\duct-tape\1.0.8\duct-tape-1.0.8.jar;C:\Users\lohip\.m2\repository\org\jetbrains\annotations\17.0.0\annotations-17.0.0.jar;C:\Users\lohip\.m2\repository\com\github\docker-java\docker-java-api\3.3.4\docker-java-api-3.3.4.jar;C:\Users\lohip\.m2\repository\com\fasterxml\jackson\core\jackson-annotations\2.10.3\jackson-annotations-2.10.3.jar;C:\Users\lohip\.m2\repository\com\github\docker-java\docker-java-transport-zerodep\3.3.4\docker-java-transport-zerodep-3.3.4.jar;C:\Users\lohip\.m2\repository\com\github\docker-java\docker-java-transport\3.3.4\docker-java-transport-3.3.4.jar;C:\Users\lohip\.m2\repository\net\java\dev\jna\jna\5.13.0\jna-5.13.0.jar;C:\Users\lohip\.m2\repository\org\webjars\npm\googlemaps__google-maps-services-js\3.1.13\googlemaps__google-maps-services-js-3.1.13.jar;C:\Users\lohip\.m2\repository\org\webjars\npm\agentkeepalive\4.5.0\agentkeepalive-4.5.0.jar;C:\Users\lohip\.m2\repository\org\webjars\npm\humanize-ms\1.2.1\humanize-ms-1.2.1.jar;C:\Users\lohip\.m2\repository\org\webjars\npm\ms\2.1.3\ms-2.1.3.jar;C:\Users\lohip\.m2\repository\org\webjars\npm\axios\0.19.0\axios-0.19.0.jar;C:\Users\lohip\.m2\repository\org\webjars\npm\follow-redirects\1.5.10\follow-redirects-1.5.10.jar;C:\Users\lohip\.m2\repository\org\webjars\npm\debug\3.1.0\debug-3.1.0.jar;C:\Users\lohip\.m2\repository\org\webjars\npm\is-buffer\2.0.5\is-buffer-2.0.5.jar;C:\Users\lohip\.m2\repository\org\webjars\npm\query-string\6.14.1\query-string-6.14.1.jar;C:\Users\lohip\.m2\repository\org\webjars\npm\decode-uri-component\0.2.2\decode-uri-component-0.2.2.jar;C:\Users\lohip\.m2\repository\org\webjars\npm\filter-obj\1.1.0\filter-obj-1.1.0.jar;C:\Users\lohip\.m2\repository\org\webjars\npm\split-on-first\1.1.0\split-on-first-1.1.0.jar;C:\Users\lohip\.m2\repository\org\webjars\npm\strict-uri-encode\2.0.0\strict-uri-encode-2.0.0.jar;C:\Users\lohip\.m2\repository\org\webjars\npm\retry-axios\2.4.0\retry-axios-2.4.0.jar;"/>
    <property name="java.vm.vendor" value="Oracle Corporation"/>
    <property name="sun.arch.data.model" value="64"/>
    <property name="user.variant" value=""/>
    <property name="java.vendor.url" value="https://java.oracle.com/"/>
    <property name="user.timezone" value="America/New_York"/>
    <property name="os.name" value="Windows 10"/>
    <property name="java.vm.specification.version" value="21"/>
    <property name="sun.java.launcher" value="SUN_STANDARD"/>
    <property name="user.country" value="IN"/>
    <property name="sun.boot.library.path" value="C:\Program Files\Java\jdk-21\bin"/>
    <property name="sun.java.command" value="C:\Users\lohip\AppData\Local\Temp\surefire5945957456449921391\surefirebooter4762317673331695581.jar C:\Users\lohip\AppData\Local\Temp\surefire5945957456449921391 2024-02-06T12-24-22_936-jvmRun1 surefire17655111449816922100tmp surefire_014319854371789316038tmp"/>
    <property name="jdk.debug" value="release"/>
    <property name="surefire.test.class.path" value="C:\Users\lohip\webapphdfcbank\target\test-classes;C:\Users\lohip\webapphdfcbank\target\classes;C:\Users\lohip\.m2\repository\junit\junit\4.11\junit-4.11.jar;C:\Users\lohip\.m2\repository\org\hamcrest\hamcrest-core\1.3\hamcrest-core-1.3.jar;C:\Users\lohip\.m2\repository\org\testcontainers\mysql\1.19.4\mysql-1.19.4.jar;C:\Users\lohip\.m2\repository\org\testcontainers\jdbc\1.19.4\jdbc-1.19.4.jar;C:\Users\lohip\.m2\repository\org\testcontainers\database-commons\1.19.4\database-commons-1.19.4.jar;C:\Users\lohip\.m2\repository\org\testcontainers\testcontainers\1.19.4\testcontainers-1.19.4.jar;C:\Users\lohip\.m2\repository\org\slf4j\slf4j-api\1.7.36\slf4j-api-1.7.36.jar;C:\Users\lohip\.m2\repository\org\apache\commons\commons-compress\1.25.0\commons-compress-1.25.0.jar;C:\Users\lohip\.m2\repository\org\rnorth\duct-tape\duct-tape\1.0.8\duct-tape-1.0.8.jar;C:\Users\lohip\.m2\repository\org\jetbrains\annotations\17.0.0\annotations-17.0.0.jar;C:\Users\lohip\.m2\repository\com\github\docker-java\docker-java-api\3.3.4\docker-java-api-3.3.4.jar;C:\Users\lohip\.m2\repository\com\fasterxml\jackson\core\jackson-annotations\2.10.3\jackson-annotations-2.10.3.jar;C:\Users\lohip\.m2\repository\com\github\docker-java\docker-java-transport-zerodep\3.3.4\docker-java-transport-zerodep-3.3.4.jar;C:\Users\lohip\.m2\repository\com\github\docker-java\docker-java-transport\3.3.4\docker-java-transport-3.3.4.jar;C:\Users\lohip\.m2\repository\net\java\dev\jna\jna\5.13.0\jna-5.13.0.jar;C:\Users\lohip\.m2\repository\org\webjars\npm\googlemaps__google-maps-services-js\3.1.13\googlemaps__google-maps-services-js-3.1.13.jar;C:\Users\lohip\.m2\repository\org\webjars\npm\agentkeepalive\4.5.0\agentkeepalive-4.5.0.jar;C:\Users\lohip\.m2\repository\org\webjars\npm\humanize-ms\1.2.1\humanize-ms-1.2.1.jar;C:\Users\lohip\.m2\repository\org\webjars\npm\ms\2.1.3\ms-2.1.3.jar;C:\Users\lohip\.m2\repository\org\webjars\npm\axios\0.19.0\axios-0.19.0.jar;C:\Users\lohip\.m2\repository\org\webjars\npm\follow-redirects\1.5.10\follow-redirects-1.5.10.jar;C:\Users\lohip\.m2\repository\org\webjars\npm\debug\3.1.0\debug-3.1.0.jar;C:\Users\lohip\.m2\repository\org\webjars\npm\is-buffer\2.0.5\is-buffer-2.0.5.jar;C:\Users\lohip\.m2\repository\org\webjars\npm\query-string\6.14.1\query-string-6.14.1.jar;C:\Users\lohip\.m2\repository\org\webjars\npm\decode-uri-component\0.2.2\decode-uri-component-0.2.2.jar;C:\Users\lohip\.m2\repository\org\webjars\npm\filter-obj\1.1.0\filter-obj-1.1.0.jar;C:\Users\lohip\.m2\repository\org\webjars\npm\split-on-first\1.1.0\split-on-first-1.1.0.jar;C:\Users\lohip\.m2\repository\org\webjars\npm\strict-uri-encode\2.0.0\strict-uri-encode-2.0.0.jar;C:\Users\lohip\.m2\repository\org\webjars\npm\retry-axios\2.4.0\retry-axios-2.4.0.jar;"/>
    <property name="sun.cpu.endian" value="little"/>
    <property name="user.home" value="C:\Users\lohip"/>
    <property name="user.language" value="en"/>
    <property name="java.specification.vendor" value="Oracle Corporation"/>
    <property name="java.version.date" value="2024-01-16"/>
    <property name="java.home" value="C:\Program Files\Java\jdk-21"/>
    <property name="file.separator" value="\"/>
    <property name="basedir" value="C:\Users\lohip\webapphdfcbank"/>
    <property name="java.vm.compressedOopsMode" value="32-bit"/>
    <property name="line.separator" value="&#10;"/>
    <property name="java.vm.specification.vendor" value="Oracle Corporation"/>
    <property name="java.specification.name" value="Java Platform API Specification"/>
    <property name="surefire.real.class.path" value="C:\Users\lohip\AppData\Local\Temp\surefire5945957456449921391\surefirebooter4762317673331695581.jar"/>
    <property name="user.script" value=""/>
    <property name="sun.management.compiler" value="HotSpot 64-Bit Tiered Compilers"/>
    <property name="java.runtime.version" value="21.0.2+13-LTS-58"/>
    <property name="user.name" value="lohip"/>
    <property name="stdout.encoding" value="Cp1252"/>
    <property name="path.separator" value=";"/>
    <property name="os.version" value="10.0"/>
    <property name="java.runtime.name" value="Java(TM) SE Runtime Environment"/>
    <property name="file.encoding" value="UTF-8"/>
    <property name="java.vm.name" value="Java HotSpot(TM) 64-Bit Server VM"/>
    <property name="localRepository" value="C:\Users\lohip\.m2\repository"/>
    <property name="java.vendor.url.bug" value="https://bugreport.java.com/bugreport/"/>
    <property name="java.io.tmpdir" value="C:\Users\lohip\AppData\Local\Temp\"/>
    <property name="java.version" value="21.0.2"/>
    <property name="user.dir" value="C:\Users\lohip\webapphdfcbank"/>
    <property name="os.arch" value="amd64"/>
    <property name="java.vm.specification.name" value="Java Virtual Machine Specification"/>
    <property name="sun.os.patch.level" value=""/>
    <property name="native.encoding" value="Cp1252"/>
    <property name="java.library.path" value="C:\Program Files\Java\jdk-21\bin;C:\Windows\Sun\Java\bin;C:\Windows\system32;C:\Windows;C:\Windows\system32;C:\Windows;C:\Windows\System32\Wbem;C:\Windows\System32\WindowsPowerShell\v1.0\;C:\Windows\System32\OpenSSH\;C:\Program Files\Git\cmd;C:\Program Files\Amazon\AWSCLIV2\;C:\Program Files\Java\jdk-21\bin;C:\Users\lohip\Downloads\apache-maven-3.9.6\bin;C:\Users\lohip\AppData\Local\Programs\Python\Launcher\;C:\Users\lohip\AppData\Local\Microsoft\WindowsApps;;C:\Users\lohip\AppData\Local\Programs\Microsoft VS Code\bin;."/>
    <property name="java.vm.info" value="mixed mode, sharing"/>
    <property name="stderr.encoding" value="Cp1252"/>
    <property name="java.vendor" value="Oracle Corporation"/>
    <property name="java.vm.version" value="21.0.2+13-LTS-58"/>
    <property name="sun.io.unicode.encoding" value="UnicodeLittle"/>
    <property name="java.class.version" value="65.0"/>
  </properties>
  <testcase name="shouldAnswerWithTrue" classname="com.hdfcbank.AppTest" time="0.005"/>
</testsuite>